gdfRead(): reading ASDanatomy_ALL_SI.fsgd
INFO: DeMeanFlag keyword not found, DeMeaning will NOT be done.
Continuous Variable Means (all subjects)
0 ASSQ_Total 10.5 13.0557
1 SRS_Total 64.2 35.6337
Class Size and Means of each Continuous Variable
1 Cluster1  5   6.2000  43.4000 
2 Cluster2  5  14.8000  85.0000 
INFO: gd2mtx_method is dods
Reading source surface /mnt/methlabdata/HBN/MRI/Site-RU_Derivatives_UZH/sub-NDARAA948VFH_acq-HCP_T1w/surf/lh.white
Number of vertices 132851
Number of faces    265698
Total area         87653.945312
AvgVtxArea       0.659791
AvgVtxDist       0.888755
StdVtxDist       0.267832

7.1.0
cwd /mnt/exchange
cmdline mri_glmfit --y lh.ASD_ASSQ.thickness.10.mgh --fsgd ASDanatomy_ALL_SI.fsgd dods --C lh-Avg-thickness-ASSQ.mtx --surf sub-NDARAA948VFH_acq-HCP_T1w lh --cortex --glmdir lh.clust_ASSQ.glmdir --debug 
sysname  Linux
hostname developer-VirtualBox
machine  x86_64
user     developer
FixVertexAreaFlag = 1
UseMaskWithSmoothing     1
OneSampleGroupMean 0
y    /mnt/exchange/lh.ASD_ASSQ.thickness.10.mgh
logyflag 0
usedti  0
FSGD ASDanatomy_ALL_SI.fsgd
labelmask  /mnt/methlabdata/HBN/MRI/Site-RU_Derivatives_UZH/sub-NDARAA948VFH_acq-HCP_T1w/label/lh.cortex.label
maskinv 0
glmdir lh.clust_ASSQ.glmdir
IllCondOK 0
ReScaleX 1
DoFFx 0
Creating output directory lh.clust_ASSQ.glmdir
Loading y from /mnt/exchange/lh.ASD_ASSQ.thickness.10.mgh
   ... done reading.
INFO: gd2mtx_method is dods
Saving design matrix to lh.clust_ASSQ.glmdir/Xg.dat
Computing normalized matrix
Normalized matrix condition is 2541.79
Matrix condition is 1.82522e+06
Found 126004 points in label.
ERROR: mri_reshape: number of elements cannot change
  nv1 = 132851, nv1 = 163842
Pruning voxels by thr: 1.175494e-38
Segmentation fault (core dumped)
